<?xml version="1.0" encoding="UTF-8"?>
<testsuite xmlns:xsi="http://www.w3.org/2001/XMLSchema-instance" xsi:noNamespaceSchemaLocation="https://maven.apache.org/surefire/maven-surefire-plugin/xsd/surefire-test-report-3.0.xsd" version="3.0" name="com.alo.service.ConfigurationServiceImplTest" time="0.018" tests="5" errors="0" skipped="0" failures="0">
  <properties>
[...]
</properties>
  <testcase name="configurationShouldBeInvalidWhenPartsAreIncompatible" classname="com.alo.service.ConfigurationServiceImplTest" time="0.006"/>
  <testcase name="emptyConfigurationShouldBeValid" classname="com.alo.service.ConfigurationServiceImplTest" time="0.002"/>
  <testcase name="configurationShouldBeValidWhenIncompatibilityIsResolved" classname="com.alo.service.ConfigurationServiceImplTest" time="0.001"/>
  <testcase name="addingPropertiesAndResetShouldKeepConfigurationConsistent" classname="com.alo.service.ConfigurationServiceImplTest" time="0.002"/>
  <testcase name="fullUserScenarioShouldWork" classname="com.alo.service.ConfigurationServiceImplTest" time="0.0"/>
</testsuite>